Using pre-set license
Built from '2020.3/staging' branch; Version is '2020.3.22f1 (e1a7f79fd887) revision 14788599'; Using compiler version '192528614'; Build Type 'Release'
OS: 'Windows 10 Pro; OS build 19043.1348; Version 2009; 64bit' Language: 'es' Physical Memory: 15771 MB
BatchMode: 1, IsHumanControllingUs: 0, StartBugReporterOnCrash: 0, Is64bit: 1, IsPro: 0

COMMAND LINE ARGUMENTS:
C:\Program Files\Unity\Hub\Editor\2020.3.22f1\Editor\Unity.exe
-adb2
-batchMode
-noUpm
-name
AssetImportWorker0
-projectPath
C:/Users/Sergio/Documents/Repos/La aventura de Ruby/La aventura de Ruby
-logFile
Logs/AssetImportWorker0.log
-srvPort
50262
Successfully changed project path to: C:/Users/Sergio/Documents/Repos/La aventura de Ruby/La aventura de Ruby
C:/Users/Sergio/Documents/Repos/La aventura de Ruby/La aventura de Ruby
Using Asset Import Pipeline V2.
Refreshing native plugins compatible for Editor in 40.26 ms, found 3 plugins.
Preloading 0 native plugins for Editor in 0.00 ms.
Initialize engine version: 2020.3.22f1 (e1a7f79fd887)
[Subsystems] Discovering subsystems at path C:/Program Files/Unity/Hub/Editor/2020.3.22f1/Editor/Data/Resources/UnitySubsystems
[Subsystems] Discovering subsystems at path C:/Users/Sergio/Documents/Repos/La aventura de Ruby/La aventura de Ruby/Assets
GfxDevice: creating device client; threaded=0
Direct3D:
    Version:  Direct3D 11.0 [level 11.1]
    Renderer: Radeon RX 5500M (ID=0x7340)
    Vendor:   
    VRAM:     4054 MB
    Driver:   27.20.1034.6
Initialize mono
Mono path[0] = 'C:/Program Files/Unity/Hub/Editor/2020.3.22f1/Editor/Data/Managed'
Mono path[1] = 'C:/Program Files/Unity/Hub/Editor/2020.3.22f1/Editor/Data/MonoBleedingEdge/lib/mono/unityjit'
Mono config path = 'C:/Program Files/Unity/Hub/Editor/2020.3.22f1/Editor/Data/MonoBleedingEdge/etc'
Using monoOptions --debugger-agent=transport=dt_socket,embedding=1,server=y,suspend=n,address=127.0.0.1:56104
Begin MonoManager ReloadAssembly
Registering precompiled unity dll's ...
Register platform support module: C:/Program Files/Unity/Hub/Editor/2020.3.22f1/Editor/Data/PlaybackEngines/WindowsStandaloneSupport/UnityEditor.WindowsStandalone.Extensions.dll
Registered in 0.001679 seconds.
Native extension for WindowsStandalone target not found
Refreshing native plugins compatible for Editor in 39.89 ms, found 3 plugins.
Preloading 0 native plugins for Editor in 0.00 ms.
Mono: successfully reloaded assembly
- Completed reload, in  0.925 seconds
Domain Reload Profiling:
	ReloadAssembly (925ms)
		BeginReloadAssembly (44ms)
			ExecutionOrderSort (0ms)
			DisableScriptedObjects (0ms)
			BackupInstance (0ms)
			ReleaseScriptingObjects (0ms)
			CreateAndSetChildDomain (1ms)
		EndReloadAssembly (372ms)
			LoadAssemblies (42ms)
			RebuildTransferFunctionScriptingTraits (0ms)
			SetupTypeCache (123ms)
			ReleaseScriptCaches (0ms)
			RebuildScriptCaches (26ms)
			SetupLoadedEditorAssemblies (143ms)
				LogAssemblyErrors (0ms)
				InitializePlatformSupportModulesInManaged (3ms)
				SetLoadedEditorAssemblies (0ms)
				RefreshPlugins (40ms)
				BeforeProcessingInitializeOnLoad (7ms)
				ProcessInitializeOnLoadAttributes (68ms)
				ProcessInitializeOnLoadMethodAttributes (24ms)
				AfterProcessingInitializeOnLoad (0ms)
				EditorAssembliesLoaded (0ms)
			ExecutionOrderSort2 (0ms)
			AwakeInstancesAfterBackupRestoration (0ms)
Platform modules already initialized, skipping
Registering precompiled user dll's ...
Registered in 0.003939 seconds.
Begin MonoManager ReloadAssembly
Native extension for WindowsStandalone target not found
Refreshing native plugins compatible for Editor in 39.48 ms, found 3 plugins.
Preloading 0 native plugins for Editor in 0.00 ms.
Mono: successfully reloaded assembly
- Completed reload, in  0.978 seconds
Domain Reload Profiling:
	ReloadAssembly (979ms)
		BeginReloadAssembly (123ms)
			ExecutionOrderSort (0ms)
			DisableScriptedObjects (4ms)
			BackupInstance (0ms)
			ReleaseScriptingObjects (0ms)
			CreateAndSetChildDomain (18ms)
		EndReloadAssembly (801ms)
			LoadAssemblies (74ms)
			RebuildTransferFunctionScriptingTraits (0ms)
			SetupTypeCache (249ms)
			ReleaseScriptCaches (0ms)
			RebuildScriptCaches (41ms)
			SetupLoadedEditorAssemblies (333ms)
				LogAssemblyErrors (0ms)
				InitializePlatformSupportModulesInManaged (3ms)
				SetLoadedEditorAssemblies (0ms)
				RefreshPlugins (40ms)
				BeforeProcessingInitializeOnLoad (58ms)
				ProcessInitializeOnLoadAttributes (211ms)
				ProcessInitializeOnLoadMethodAttributes (15ms)
				AfterProcessingInitializeOnLoad (5ms)
				EditorAssembliesLoaded (0ms)
			ExecutionOrderSort2 (0ms)
			AwakeInstancesAfterBackupRestoration (5ms)
Platform modules already initialized, skipping
========================================================================
Worker process is ready to serve import requests
Launched and connected shader compiler UnityShaderCompiler.exe after 0.05 seconds
Refreshing native plugins compatible for Editor in 0.46 ms, found 3 plugins.
Preloading 0 native plugins for Editor in 0.00 ms.
Unloading 2182 Unused Serialized files (Serialized files now loaded: 0)
System memory in use before: 95.4 MB.
System memory in use after: 95.5 MB.

Unloading 29 unused Assets to reduce memory usage. Loaded Objects now: 2620.
Total: 3.303100 ms (FindLiveObjects: 0.263700 ms CreateObjectMapping: 0.103600 ms MarkObjects: 2.864400 ms  DeleteObjects: 0.069800 ms)

AssetImportParameters requested are different than current active one (requested -> active):
  custom:framework-win-MediaFoundation: 216162199b28c13a410421893ffa2e32 -> 
  custom:video-decoder-ogg-theora: a1e56fd34408186e4bbccfd4996cb3dc -> 
  custom:container-muxer-webm: aa71ff27fc2769a1b78a27578f13a17b -> 
  custom:container-demuxer-webm: 4f35f7cbe854078d1ac9338744f61a02 -> 
  custom:container-demuxer-ogg: 62fdf1f143b41e24485cea50d1cbac27 -> 
  custom:video-encoder-webm-vp8: eb34c28f22e8b96e1ab97ce403110664 -> 
  custom:video-decoder-webm-vp8: 9c59270c3fd7afecdb556c50c9e8de78 -> 
  custom:audio-decoder-ogg-vorbis: bf7c407c2cedff20999df2af8eb42d56 -> 
  custom:audio-encoder-webm-vorbis: bf7c407c2cedff20999df2af8eb42d56 -> 
========================================================================
Received Import Request.
  path: Assets/Art/Tiles/GamePalette.prefab
  artifactKey: Guid(d6d5cabf1dedeaf46a1ebd6ac2544186) Importer(815301076,1909f56bfc062723c751e8b465ee728b)
Start importing Assets/Art/Tiles/GamePalette.prefab using Guid(d6d5cabf1dedeaf46a1ebd6ac2544186) Importer(815301076,1909f56bfc062723c751e8b465ee728b)  -> (artifact id: '577482a3f8567e945365604b3103ae58') in 0.095370 seconds 
  Import took 0.099266 seconds .

========================================================================
Received Import Request.
  Time since last request: 4.818322 seconds.
  path: Assets/Art/Tiles/GamePalette.prefab
  artifactKey: Guid(d6d5cabf1dedeaf46a1ebd6ac2544186) Importer(815301076,1909f56bfc062723c751e8b465ee728b)
Start importing Assets/Art/Tiles/GamePalette.prefab using Guid(d6d5cabf1dedeaf46a1ebd6ac2544186) Importer(815301076,1909f56bfc062723c751e8b465ee728b)  -> (artifact id: 'f6a4ac85366edb484764c2f851d29937') in 0.017207 seconds 
  Import took 0.020884 seconds .

========================================================================
Received Import Request.
  Time since last request: 4.216929 seconds.
  path: Assets/Art/Tiles/GamePalette.prefab
  artifactKey: Guid(d6d5cabf1dedeaf46a1ebd6ac2544186) Importer(815301076,1909f56bfc062723c751e8b465ee728b)
Start importing Assets/Art/Tiles/GamePalette.prefab using Guid(d6d5cabf1dedeaf46a1ebd6ac2544186) Importer(815301076,1909f56bfc062723c751e8b465ee728b)  -> (artifact id: '898054af099a034659a3f3b6e1d68602') in 0.016340 seconds 
  Import took 0.019899 seconds .

========================================================================
Received Import Request.
  Time since last request: 6.801600 seconds.
  path: Assets/Art/Tiles/GamePalette.prefab
  artifactKey: Guid(d6d5cabf1dedeaf46a1ebd6ac2544186) Importer(815301076,1909f56bfc062723c751e8b465ee728b)
Start importing Assets/Art/Tiles/GamePalette.prefab using Guid(d6d5cabf1dedeaf46a1ebd6ac2544186) Importer(815301076,1909f56bfc062723c751e8b465ee728b)  -> (artifact id: '88539e81f43a2bc252103af135f0d986') in 0.016764 seconds 
  Import took 0.020773 seconds .

========================================================================
Received Import Request.
  Time since last request: 2.797992 seconds.
  path: Assets/Art/Tiles/GamePalette.prefab
  artifactKey: Guid(d6d5cabf1dedeaf46a1ebd6ac2544186) Importer(815301076,1909f56bfc062723c751e8b465ee728b)
Start importing Assets/Art/Tiles/GamePalette.prefab using Guid(d6d5cabf1dedeaf46a1ebd6ac2544186) Importer(815301076,1909f56bfc062723c751e8b465ee728b)  -> (artifact id: '0859481130ac661503fc7c51acebf4eb') in 0.015990 seconds 
  Import took 0.020091 seconds .

========================================================================
Received Import Request.
  Time since last request: 2.015413 seconds.
  path: Assets/Art/Tiles/GamePalette.prefab
  artifactKey: Guid(d6d5cabf1dedeaf46a1ebd6ac2544186) Importer(815301076,1909f56bfc062723c751e8b465ee728b)
Start importing Assets/Art/Tiles/GamePalette.prefab using Guid(d6d5cabf1dedeaf46a1ebd6ac2544186) Importer(815301076,1909f56bfc062723c751e8b465ee728b)  -> (artifact id: '6c1457f24480948f48e2578862c7ad33') in 0.015761 seconds 
  Import took 0.019480 seconds .

========================================================================
Received Import Request.
  Time since last request: 102.848753 seconds.
  path: Assets/Art/Tiles/GamePalette.prefab
  artifactKey: Guid(d6d5cabf1dedeaf46a1ebd6ac2544186) Importer(815301076,1909f56bfc062723c751e8b465ee728b)
Start importing Assets/Art/Tiles/GamePalette.prefab using Guid(d6d5cabf1dedeaf46a1ebd6ac2544186) Importer(815301076,1909f56bfc062723c751e8b465ee728b)  -> (artifact id: '9a804516c8cab9fe71bb6e81ab59bb72') in 0.015920 seconds 
  Import took 0.019529 seconds .

========================================================================
Received Import Request.
  Time since last request: 15.909366 seconds.
  path: Assets/Art/Tiles/GamePalette.prefab
  artifactKey: Guid(d6d5cabf1dedeaf46a1ebd6ac2544186) Importer(815301076,1909f56bfc062723c751e8b465ee728b)
Start importing Assets/Art/Tiles/GamePalette.prefab using Guid(d6d5cabf1dedeaf46a1ebd6ac2544186) Importer(815301076,1909f56bfc062723c751e8b465ee728b)  -> (artifact id: 'e6617e49def10d47bb73165ae286f92d') in 0.017764 seconds 
  Import took 0.021808 seconds .

========================================================================
Received Import Request.
  Time since last request: 19.131630 seconds.
  path: Assets/Art/Tiles/GamePalette.prefab
  artifactKey: Guid(d6d5cabf1dedeaf46a1ebd6ac2544186) Importer(815301076,1909f56bfc062723c751e8b465ee728b)
Start importing Assets/Art/Tiles/GamePalette.prefab using Guid(d6d5cabf1dedeaf46a1ebd6ac2544186) Importer(815301076,1909f56bfc062723c751e8b465ee728b)  -> (artifact id: 'e5f87cccf0f0d88386dc4a201428c507') in 0.016230 seconds 
  Import took 0.020158 seconds .

========================================================================
Received Import Request.
  Time since last request: 8.221420 seconds.
  path: Assets/Art/Tiles/GamePalette.prefab
  artifactKey: Guid(d6d5cabf1dedeaf46a1ebd6ac2544186) Importer(815301076,1909f56bfc062723c751e8b465ee728b)
Start importing Assets/Art/Tiles/GamePalette.prefab using Guid(d6d5cabf1dedeaf46a1ebd6ac2544186) Importer(815301076,1909f56bfc062723c751e8b465ee728b)  -> (artifact id: 'e7677e4369ea8a192814f4583417bb39') in 0.013737 seconds 
  Import took 0.017654 seconds .

========================================================================
Received Import Request.
  Time since last request: 10.759696 seconds.
  path: Assets/Art/Tiles/GamePalette.prefab
  artifactKey: Guid(d6d5cabf1dedeaf46a1ebd6ac2544186) Importer(815301076,1909f56bfc062723c751e8b465ee728b)
Start importing Assets/Art/Tiles/GamePalette.prefab using Guid(d6d5cabf1dedeaf46a1ebd6ac2544186) Importer(815301076,1909f56bfc062723c751e8b465ee728b)  -> (artifact id: 'be14b82a3a79f47e38b017bde39c766c') in 0.014187 seconds 
  Import took 0.018233 seconds .

========================================================================
Received Import Request.
  Time since last request: 2.259623 seconds.
  path: Assets/Art/Tiles/GamePalette.prefab
  artifactKey: Guid(d6d5cabf1dedeaf46a1ebd6ac2544186) Importer(815301076,1909f56bfc062723c751e8b465ee728b)
Start importing Assets/Art/Tiles/GamePalette.prefab using Guid(d6d5cabf1dedeaf46a1ebd6ac2544186) Importer(815301076,1909f56bfc062723c751e8b465ee728b)  -> (artifact id: 'b9c09a35bbceaca801055c850ed95775') in 0.016369 seconds 
  Import took 0.020254 seconds .

========================================================================
Received Import Request.
  Time since last request: 9.634842 seconds.
  path: Assets/Art/Tiles/GamePalette.prefab
  artifactKey: Guid(d6d5cabf1dedeaf46a1ebd6ac2544186) Importer(815301076,1909f56bfc062723c751e8b465ee728b)
Start importing Assets/Art/Tiles/GamePalette.prefab using Guid(d6d5cabf1dedeaf46a1ebd6ac2544186) Importer(815301076,1909f56bfc062723c751e8b465ee728b)  -> (artifact id: '766853f5ffad4333139820ca085bb5c7') in 0.016021 seconds 
  Import took 0.019779 seconds .

========================================================================
Received Import Request.
  Time since last request: 12.087222 seconds.
  path: Assets/Art/Tiles/GamePalette.prefab
  artifactKey: Guid(d6d5cabf1dedeaf46a1ebd6ac2544186) Importer(815301076,1909f56bfc062723c751e8b465ee728b)
Start importing Assets/Art/Tiles/GamePalette.prefab using Guid(d6d5cabf1dedeaf46a1ebd6ac2544186) Importer(815301076,1909f56bfc062723c751e8b465ee728b)  -> (artifact id: '46f9335ffdf0422d0f13e37f3db2c075') in 0.014832 seconds 
  Import took 0.018662 seconds .

========================================================================
Received Import Request.
  Time since last request: 12.806672 seconds.
  path: Assets/Art/Tiles/GamePalette.prefab
  artifactKey: Guid(d6d5cabf1dedeaf46a1ebd6ac2544186) Importer(815301076,1909f56bfc062723c751e8b465ee728b)
Start importing Assets/Art/Tiles/GamePalette.prefab using Guid(d6d5cabf1dedeaf46a1ebd6ac2544186) Importer(815301076,1909f56bfc062723c751e8b465ee728b)  -> (artifact id: 'a9a40c2986382d5f75f280d62b8030a9') in 0.016741 seconds 
  Import took 0.020990 seconds .

========================================================================
Received Import Request.
  Time since last request: 4.182726 seconds.
  path: Assets/Art/Tiles/GamePalette.prefab
  artifactKey: Guid(d6d5cabf1dedeaf46a1ebd6ac2544186) Importer(815301076,1909f56bfc062723c751e8b465ee728b)
Start importing Assets/Art/Tiles/GamePalette.prefab using Guid(d6d5cabf1dedeaf46a1ebd6ac2544186) Importer(815301076,1909f56bfc062723c751e8b465ee728b)  -> (artifact id: '8aafc5cbba088244337bd6c32e3f62de') in 0.014693 seconds 
  Import took 0.018647 seconds .

========================================================================
Received Import Request.
  Time since last request: 46.684154 seconds.
  path: Assets/Art/Tiles/GamePalette.prefab
  artifactKey: Guid(d6d5cabf1dedeaf46a1ebd6ac2544186) Importer(815301076,1909f56bfc062723c751e8b465ee728b)
Start importing Assets/Art/Tiles/GamePalette.prefab using Guid(d6d5cabf1dedeaf46a1ebd6ac2544186) Importer(815301076,1909f56bfc062723c751e8b465ee728b)  -> (artifact id: '24204e833c8be715b7f835a2c919d244') in 0.021343 seconds 
  Import took 0.025027 seconds .

========================================================================
Received Prepare
Registering precompiled user dll's ...
Registered in 0.004010 seconds.
Begin MonoManager ReloadAssembly
Native extension for WindowsStandalone target not found
Refreshing native plugins compatible for Editor in 0.48 ms, found 3 plugins.
Preloading 0 native plugins for Editor in 0.00 ms.
Mono: successfully reloaded assembly
- Completed reload, in  0.837 seconds
Domain Reload Profiling:
	ReloadAssembly (837ms)
		BeginReloadAssembly (100ms)
			ExecutionOrderSort (0ms)
			DisableScriptedObjects (7ms)
			BackupInstance (0ms)
			ReleaseScriptingObjects (0ms)
			CreateAndSetChildDomain (32ms)
		EndReloadAssembly (684ms)
			LoadAssemblies (71ms)
			RebuildTransferFunctionScriptingTraits (0ms)
			SetupTypeCache (245ms)
			ReleaseScriptCaches (1ms)
			RebuildScriptCaches (36ms)
			SetupLoadedEditorAssemblies (243ms)
				LogAssemblyErrors (0ms)
				InitializePlatformSupportModulesInManaged (4ms)
				SetLoadedEditorAssemblies (0ms)
				RefreshPlugins (1ms)
				BeforeProcessingInitializeOnLoad (52ms)
				ProcessInitializeOnLoadAttributes (172ms)
				ProcessInitializeOnLoadMethodAttributes (9ms)
				AfterProcessingInitializeOnLoad (5ms)
				EditorAssembliesLoaded (0ms)
			ExecutionOrderSort2 (0ms)
			AwakeInstancesAfterBackupRestoration (9ms)
Platform modules already initialized, skipping
Refreshing native plugins compatible for Editor in 0.50 ms, found 3 plugins.
Preloading 0 native plugins for Editor in 0.00 ms.
Unloading 2172 Unused Serialized files (Serialized files now loaded: 0)
System memory in use before: 97.9 MB.
System memory in use after: 98.0 MB.

Unloading 17 unused Assets to reduce memory usage. Loaded Objects now: 2630.
Total: 4.033600 ms (FindLiveObjects: 0.234900 ms CreateObjectMapping: 0.137000 ms MarkObjects: 3.639700 ms  DeleteObjects: 0.020300 ms)

AssetImportParameters requested are different than current active one (requested -> active):
  custom:framework-win-MediaFoundation: 216162199b28c13a410421893ffa2e32 -> 
  custom:video-decoder-ogg-theora: a1e56fd34408186e4bbccfd4996cb3dc -> 
  custom:container-muxer-webm: aa71ff27fc2769a1b78a27578f13a17b -> 
  custom:container-demuxer-webm: 4f35f7cbe854078d1ac9338744f61a02 -> 
  custom:container-demuxer-ogg: 62fdf1f143b41e24485cea50d1cbac27 -> 
  custom:video-encoder-webm-vp8: eb34c28f22e8b96e1ab97ce403110664 -> 
  custom:video-decoder-webm-vp8: 9c59270c3fd7afecdb556c50c9e8de78 -> 
  custom:audio-decoder-ogg-vorbis: bf7c407c2cedff20999df2af8eb42d56 -> 
  custom:audio-encoder-webm-vorbis: bf7c407c2cedff20999df2af8eb42d56 -> 
========================================================================
Received Import Request.
  Time since last request: 396.699052 seconds.
  path: Assets/Art/Tiles/GamePalette.prefab
  artifactKey: Guid(d6d5cabf1dedeaf46a1ebd6ac2544186) Importer(815301076,1909f56bfc062723c751e8b465ee728b)
Start importing Assets/Art/Tiles/GamePalette.prefab using Guid(d6d5cabf1dedeaf46a1ebd6ac2544186) Importer(815301076,1909f56bfc062723c751e8b465ee728b)  -> (artifact id: 'bd6e3f785a9e326ee77fc46cdc07c69b') in 0.068769 seconds 
  Import took 0.072809 seconds .

========================================================================
Received Import Request.
  Time since last request: 5.182607 seconds.
  path: Assets/Art/Tiles/GamePalette.prefab
  artifactKey: Guid(d6d5cabf1dedeaf46a1ebd6ac2544186) Importer(815301076,1909f56bfc062723c751e8b465ee728b)
Start importing Assets/Art/Tiles/GamePalette.prefab using Guid(d6d5cabf1dedeaf46a1ebd6ac2544186) Importer(815301076,1909f56bfc062723c751e8b465ee728b)  -> (artifact id: '459fcd1838c6665733961246f2dd5e10') in 0.014902 seconds 
  Import took 0.018885 seconds .

========================================================================
Received Import Request.
  Time since last request: 1.837068 seconds.
  path: Assets/Art/Tiles/GamePalette.prefab
  artifactKey: Guid(d6d5cabf1dedeaf46a1ebd6ac2544186) Importer(815301076,1909f56bfc062723c751e8b465ee728b)
Start importing Assets/Art/Tiles/GamePalette.prefab using Guid(d6d5cabf1dedeaf46a1ebd6ac2544186) Importer(815301076,1909f56bfc062723c751e8b465ee728b)  -> (artifact id: '7e599ba15a3d058cce9e771463b6426a') in 0.015828 seconds 
  Import took 0.019579 seconds .

========================================================================
Received Prepare
Registering precompiled user dll's ...
Registered in 0.003811 seconds.
Begin MonoManager ReloadAssembly
Native extension for WindowsStandalone target not found
Refreshing native plugins compatible for Editor in 0.75 ms, found 3 plugins.
Preloading 0 native plugins for Editor in 0.00 ms.
Mono: successfully reloaded assembly
- Completed reload, in  0.844 seconds
Domain Reload Profiling:
	ReloadAssembly (845ms)
		BeginReloadAssembly (99ms)
			ExecutionOrderSort (0ms)
			DisableScriptedObjects (5ms)
			BackupInstance (0ms)
			ReleaseScriptingObjects (0ms)
			CreateAndSetChildDomain (33ms)
		EndReloadAssembly (692ms)
			LoadAssemblies (72ms)
			RebuildTransferFunctionScriptingTraits (0ms)
			SetupTypeCache (246ms)
			ReleaseScriptCaches (1ms)
			RebuildScriptCaches (36ms)
			SetupLoadedEditorAssemblies (248ms)
				LogAssemblyErrors (0ms)
				InitializePlatformSupportModulesInManaged (5ms)
				SetLoadedEditorAssemblies (0ms)
				RefreshPlugins (1ms)
				BeforeProcessingInitializeOnLoad (54ms)
				ProcessInitializeOnLoadAttributes (174ms)
				ProcessInitializeOnLoadMethodAttributes (9ms)
				AfterProcessingInitializeOnLoad (5ms)
				EditorAssembliesLoaded (0ms)
			ExecutionOrderSort2 (0ms)
			AwakeInstancesAfterBackupRestoration (9ms)
Platform modules already initialized, skipping
Refreshing native plugins compatible for Editor in 0.51 ms, found 3 plugins.
Preloading 0 native plugins for Editor in 0.00 ms.
Unloading 2172 Unused Serialized files (Serialized files now loaded: 0)
System memory in use before: 97.9 MB.
System memory in use after: 98.0 MB.

Unloading 17 unused Assets to reduce memory usage. Loaded Objects now: 2634.
Total: 3.503900 ms (FindLiveObjects: 0.207500 ms CreateObjectMapping: 0.049200 ms MarkObjects: 3.225700 ms  DeleteObjects: 0.020200 ms)

AssetImportParameters requested are different than current active one (requested -> active):
  custom:framework-win-MediaFoundation: 216162199b28c13a410421893ffa2e32 -> 
  custom:video-decoder-ogg-theora: a1e56fd34408186e4bbccfd4996cb3dc -> 
  custom:container-muxer-webm: aa71ff27fc2769a1b78a27578f13a17b -> 
  custom:container-demuxer-webm: 4f35f7cbe854078d1ac9338744f61a02 -> 
  custom:container-demuxer-ogg: 62fdf1f143b41e24485cea50d1cbac27 -> 
  custom:video-encoder-webm-vp8: eb34c28f22e8b96e1ab97ce403110664 -> 
  custom:video-decoder-webm-vp8: 9c59270c3fd7afecdb556c50c9e8de78 -> 
  custom:audio-decoder-ogg-vorbis: bf7c407c2cedff20999df2af8eb42d56 -> 
  custom:audio-encoder-webm-vorbis: bf7c407c2cedff20999df2af8eb42d56 -> 
========================================================================
Received Prepare
Registering precompiled user dll's ...
Registered in 0.004081 seconds.
Begin MonoManager ReloadAssembly
Native extension for WindowsStandalone target not found
Refreshing native plugins compatible for Editor in 0.71 ms, found 3 plugins.
Preloading 0 native plugins for Editor in 0.00 ms.
Mono: successfully reloaded assembly
- Completed reload, in  0.856 seconds
Domain Reload Profiling:
	ReloadAssembly (856ms)
		BeginReloadAssembly (100ms)
			ExecutionOrderSort (0ms)
			DisableScriptedObjects (5ms)
			BackupInstance (0ms)
			ReleaseScriptingObjects (0ms)
			CreateAndSetChildDomain (32ms)
		EndReloadAssembly (701ms)
			LoadAssemblies (72ms)
			RebuildTransferFunctionScriptingTraits (0ms)
			SetupTypeCache (253ms)
			ReleaseScriptCaches (1ms)
			RebuildScriptCaches (38ms)
			SetupLoadedEditorAssemblies (246ms)
				LogAssemblyErrors (0ms)
				InitializePlatformSupportModulesInManaged (5ms)
				SetLoadedEditorAssemblies (0ms)
				RefreshPlugins (1ms)
				BeforeProcessingInitializeOnLoad (55ms)
				ProcessInitializeOnLoadAttributes (171ms)
				ProcessInitializeOnLoadMethodAttributes (9ms)
				AfterProcessingInitializeOnLoad (5ms)
				EditorAssembliesLoaded (0ms)
			ExecutionOrderSort2 (0ms)
			AwakeInstancesAfterBackupRestoration (9ms)
Platform modules already initialized, skipping
Refreshing native plugins compatible for Editor in 0.48 ms, found 3 plugins.
Preloading 0 native plugins for Editor in 0.00 ms.
Unloading 2172 Unused Serialized files (Serialized files now loaded: 0)
System memory in use before: 97.9 MB.
System memory in use after: 98.1 MB.

Unloading 17 unused Assets to reduce memory usage. Loaded Objects now: 2637.
Total: 3.560100 ms (FindLiveObjects: 0.261400 ms CreateObjectMapping: 0.096900 ms MarkObjects: 3.178300 ms  DeleteObjects: 0.021800 ms)

AssetImportParameters requested are different than current active one (requested -> active):
  custom:framework-win-MediaFoundation: 216162199b28c13a410421893ffa2e32 -> 
  custom:video-decoder-ogg-theora: a1e56fd34408186e4bbccfd4996cb3dc -> 
  custom:container-muxer-webm: aa71ff27fc2769a1b78a27578f13a17b -> 
  custom:container-demuxer-webm: 4f35f7cbe854078d1ac9338744f61a02 -> 
  custom:container-demuxer-ogg: 62fdf1f143b41e24485cea50d1cbac27 -> 
  custom:video-encoder-webm-vp8: eb34c28f22e8b96e1ab97ce403110664 -> 
  custom:video-decoder-webm-vp8: 9c59270c3fd7afecdb556c50c9e8de78 -> 
  custom:audio-decoder-ogg-vorbis: bf7c407c2cedff20999df2af8eb42d56 -> 
  custom:audio-encoder-webm-vorbis: bf7c407c2cedff20999df2af8eb42d56 -> 
AssetImportWorkerClient::OnTransportError - code=2 error=End of file
